<?xml version="1.0" encoding="utf-8"?><testsuites name="pytest tests"><testsuite name="pytest" errors="0" failures="0" skipped="0" tests="5" time="1.270" timestamp="2026-05-14T06:31:14.323388+00:00" hostname="agent-env-e382ed89-cb47-4ec7-92d0-acf58d149f37"><testcase classname="backend.tests.test_portfolio_api" name="test_root" time="0.334" /><testcase classname="backend.tests.test_portfolio_api" name="test_create_contact_valid" time="0.355" /><testcase classname="backend.tests.test_portfolio_api" name="test_create_contact_invalid_email" time="0.093" /><testcase classname="backend.tests.test_portfolio_api" name="test_create_contact_missing_required" time="0.096" /><testcase classname="backend.tests.test_portfolio_api" name="test_list_contact_sorted_no_objectid" time="0.244" /></testsuite></testsuites>